<?xml version="1.0" encoding="UTF-8"?>
<!-- Generated by org.testng.reporters.JUnitReportReporter -->
<testsuite hostname="DESKTOP-5G1J2P7" failures="0" tests="1" name="com.actitime.testscripts.CreateCustomer" time="6.814" errors="0" timestamp="2023-06-01T12:22:47 IST" skipped="0">
  <testcase classname="com.actitime.testscripts.CreateCustomer" name="createCustomer" time="6.814"/>
  <system-out>
    <![CDATA[create]]>
  </system-out>
</testsuite> <!-- com.actitime.testscripts.CreateCustomer -->
